============================================================
  Generated by:           Genus(TM) Synthesis Solution 21.14-s082_1
  Generated on:           Mar 18 2026  12:03:36 pm
  Module:                 Ascon
  Operating conditions:   slow (balanced_tree)
  Wireload mode:          enclosed
  Area mode:              timing library
============================================================


Path 1: MET (5134 ps) Setup Check with Pin dec_core_S_reg[300]/CK->D
          Group: clk
     Startpoint: (R) dec_core_state_reg[1]/CK
          Clock: (R) clk
       Endpoint: (F) dec_core_S_reg[300]/D
          Clock: (R) clk

                     Capture       Launch     
        Clock Edge:+   10000            0     
       Src Latency:+       0            0     
       Net Latency:+       0 (I)        0 (I) 
           Arrival:=   10000            0     
                                              
             Setup:-     116                  
       Uncertainty:-     150                  
     Required Time:=    9734                  
      Launch Clock:-       0                  
         Data Path:-    4600                  
             Slack:=    5134                  

#---------------------------------------------------------------------------------------------------
#      Timing Point        Flags    Arc   Edge   Cell     Fanout  Load Trans Delay Arrival Instance 
#                                                                 (fF)  (ps)  (ps)   (ps)  Location 
#---------------------------------------------------------------------------------------------------
  dec_core_state_reg[1]/CK -       -      R     (arrival)   3169     -   250     0       0    (-,-) 
  dec_core_state_reg[1]/Q  -       CK->Q  F     DFFQX1         8  16.4   134   441     441    (-,-) 
  g427668/Y                -       A->Y   R     CLKINVX1       2   3.3    61    67     508    (-,-) 
  g427420/Y                -       B->Y   F     NOR2XL         2   4.9   102    71     580    (-,-) 
  g425687/Y                -       B->Y   F     CLKAND2X2    114 184.7   653   570    1149    (-,-) 
  g424903/Y                -       A->Y   R     CLKINVX1      18  28.9   361   381    1530    (-,-) 
  g423001/Y                -       A->Y   F     NOR2XL         3   6.0   171   141    1671    (-,-) 
  g419800/Y                -       A->Y   R     NOR2XL         2   4.5   164   164    1836    (-,-) 
  g418535/Y                -       A1N->Y R     OAI2BB1X1      4   6.6    89   191    2027    (-,-) 
  g417055/Y                -       A->Y   F     NOR2XL         3   7.1   108   101    2128    (-,-) 
  g416474/Y                -       A->Y   R     NAND2XL        2   3.4   143    90    2218    (-,-) 
  g415925/Y                -       AN->Y  R     NOR2BX1        2  12.7   226   250    2468    (-,-) 
  g415582/Y                -       B0->Y  R     OA21X2       111 179.1   758   744    3212    (-,-) 
  g415223/Y                -       A->Y   F     CLKINVX1      82 146.2   958   928    4140    (-,-) 
  g413351/Y                -       C1->Y  R     AOI222XL       1   1.7   361   356    4496    (-,-) 
  g412113/Y                -       B->Y   F     NAND2XL        1   1.6   133   104    4600    (-,-) 
  dec_core_S_reg[300]/D    <<<     -      F     DFFQX1         1     -     -     0    4600    (-,-) 
#---------------------------------------------------------------------------------------------------

