============================================================
  Generated by:           Genus(TM) Synthesis Solution 21.14-s082_1
  Generated on:           Mar 18 2026  12:04:47 pm
  Module:                 Ascon
  Operating conditions:   slow (balanced_tree)
  Wireload mode:          enclosed
  Area mode:              timing library
============================================================

Timing
--------

Clock  Period 
--------------
clk   10000.0 


  Cost    Critical         Violating 
 Group   Path Slack  TNS     Paths   
-------------------------------------
clk          5133.8   0.0          0 
default    No paths   0.0            
-------------------------------------
Total                 0.0          0 

Instance Count
--------------
Leaf Instance Count             18277 
Physical Instance count             0 
Sequential Instance Count        3169 
Combinational Instance Count    15108 
Hierarchical Instance Count         2 

Area
----
Cell Area                          125077.725
Physical Cell Area                 0.000
Total Cell Area (Cell+Physical)    125077.725
Net Area                           0.000
Total Area (Cell+Physical+Net)     125077.725

Max Fanout                         3169 (clk)
Min Fanout                         0 (n_284)
Average Fanout                     2.7
Terms to net ratio                 3.7168
Terms to instance ratio            3.7500
Runtime                            134.03161499999996 seconds
Elapsed Runtime                    494 seconds
Genus peak memory usage            1930.57 
Innovus peak memory usage          no_value 
Hostname                           ic312.vit.ac.in
